<?xml version="1.0" encoding="UTF-8"?>
<testng-results ignored="0" total="2" passed="2" failed="0" skipped="0">
  <reporter-output>
  </reporter-output>
  <suite started-at="2022-11-13T13:56:45 IST" name="Suite" finished-at="2022-11-13T13:59:23 IST" duration-ms="157706">
    <groups>
    </groups>
    <test started-at="2022-11-13T13:56:45 IST" name="Test" finished-at="2022-11-13T13:59:23 IST" duration-ms="157706">
      <class name="Coding_Assignment_TestVagrant.IMDB_Test">
        <test-method signature="ValidateIMDB()[pri:1, instance:Coding_Assignment_TestVagrant.IMDB_Test@a3d9978]" started-at="2022-11-13T13:58:39 IST" name="ValidateIMDB" finished-at="2022-11-13T13:59:16 IST" duration-ms="37202" status="PASS">
          <reporter-output>
          </reporter-output>
        </test-method> <!-- ValidateIMDB -->
        <test-method is-config="true" signature="TearDown()[pri:0, instance:Coding_Assignment_TestVagrant.IMDB_Test@a3d9978]" started-at="2022-11-13T13:59:16 IST" name="TearDown" finished-at="2022-11-13T13:59:22 IST" duration-ms="5940" status="PASS">
          <reporter-output>
          </reporter-output>
        </test-method> <!-- TearDown -->
      </class> <!-- Coding_Assignment_TestVagrant.IMDB_Test -->
      <class name="Coding_Assignment_TestVagrant.Wiki_Test">
        <test-method signature="ValidateWIKI()[pri:1, instance:Coding_Assignment_TestVagrant.Wiki_Test@5f9be66c]" started-at="2022-11-13T13:56:45 IST" name="ValidateWIKI" finished-at="2022-11-13T13:58:39 IST" duration-ms="113540" status="PASS">
          <reporter-output>
          </reporter-output>
        </test-method> <!-- ValidateWIKI -->
        <test-method is-config="true" signature="TearDown()[pri:0, instance:Coding_Assignment_TestVagrant.Wiki_Test@5f9be66c]" started-at="2022-11-13T13:59:22 IST" name="TearDown" finished-at="2022-11-13T13:59:23 IST" duration-ms="945" status="PASS">
          <reporter-output>
          </reporter-output>
        </test-method> <!-- TearDown -->
      </class> <!-- Coding_Assignment_TestVagrant.Wiki_Test -->
    </test> <!-- Test -->
  </suite> <!-- Suite -->
</testng-results>
